{"/Users/debora/Documents/Professionnel/DB/Start DB/StartDB2024/src/dados.js": {"path":"/Users/debora/Documents/Professionnel/DB/Start DB/StartDB2024/src/dados.js","all":false,"statementMap":{"0":{"start":{"line":1,"column":0},"end":{"line":1,"column":31}},"1":{"start":{"line":2,"column":0},"end":{"line":2,"column":72}},"2":{"start":{"line":3,"column":0},"end":{"line":3,"column":76}},"3":{"start":{"line":4,"column":0},"end":{"line":4,"column":74}},"4":{"start":{"line":5,"column":0},"end":{"line":5,"column":87}},"5":{"start":{"line":6,"column":0},"end":{"line":6,"column":75}},"6":{"start":{"line":7,"column":0},"end":{"line":7,"column":85}},"7":{"start":{"line":8,"column":0},"end":{"line":8,"column":1}},"8":{"start":{"line":9,"column":0},"end":{"line":9,"column":0}},"9":{"start":{"line":10,"column":0},"end":{"line":10,"column":35}},"10":{"start":{"line":11,"column":0},"end":{"line":11,"column":5}},"11":{"start":{"line":12,"column":0},"end":{"line":12,"column":50}},"12":{"start":{"line":13,"column":0},"end":{"line":13,"column":18}},"13":{"start":{"line":14,"column":0},"end":{"line":14,"column":91}},"14":{"start":{"line":15,"column":0},"end":{"line":15,"column":91}},"15":{"start":{"line":16,"column":0},"end":{"line":16,"column":90}},"16":{"start":{"line":17,"column":0},"end":{"line":17,"column":10}},"17":{"start":{"line":18,"column":0},"end":{"line":18,"column":6}},"18":{"start":{"line":19,"column":0},"end":{"line":19,"column":5}},"19":{"start":{"line":20,"column":0},"end":{"line":20,"column":63}},"20":{"start":{"line":21,"column":0},"end":{"line":21,"column":6}},"21":{"start":{"line":22,"column":0},"end":{"line":22,"column":5}},"22":{"start":{"line":23,"column":0},"end":{"line":23,"column":56}},"23":{"start":{"line":24,"column":0},"end":{"line":24,"column":18}},"24":{"start":{"line":25,"column":0},"end":{"line":25,"column":82}},"25":{"start":{"line":26,"column":0},"end":{"line":26,"column":9}},"26":{"start":{"line":27,"column":0},"end":{"line":27,"column":6}},"27":{"start":{"line":28,"column":0},"end":{"line":28,"column":5}},"28":{"start":{"line":29,"column":0},"end":{"line":29,"column":58}},"29":{"start":{"line":30,"column":0},"end":{"line":30,"column":6}},"30":{"start":{"line":31,"column":0},"end":{"line":31,"column":5}},"31":{"start":{"line":32,"column":0},"end":{"line":32,"column":49}},"32":{"start":{"line":33,"column":0},"end":{"line":33,"column":18}},"33":{"start":{"line":34,"column":0},"end":{"line":34,"column":79}},"34":{"start":{"line":35,"column":0},"end":{"line":35,"column":9}},"35":{"start":{"line":36,"column":0},"end":{"line":36,"column":6}},"36":{"start":{"line":37,"column":0},"end":{"line":37,"column":1}}},"s":{"0":1,"1":1,"2":1,"3":1,"4":1,"5":1,"6":1,"7":1,"8":1,"9":1,"10":1,"11":1,"12":1,"13":1,"14":1,"15":1,"16":1,"17":1,"18":1,"19":1,"20":1,"21":1,"22":1,"23":1,"24":1,"25":1,"26":1,"27":1,"28":1,"29":1,"30":1,"31":1,"32":1,"33":1,"34":1,"35":1,"36":1},"branchMap":{},"b":{},"fnMap":{},"f":{}}
,"/Users/debora/Documents/Professionnel/DB/Start DB/StartDB2024/src/recintos-zoo.js": {"path":"/Users/debora/Documents/Professionnel/DB/Start DB/StartDB2024/src/recintos-zoo.js","all":false,"statementMap":{"0":{"start":{"line":1,"column":0},"end":{"line":1,"column":64}},"1":{"start":{"line":2,"column":0},"end":{"line":2,"column":0}},"2":{"start":{"line":3,"column":0},"end":{"line":3,"column":19}},"3":{"start":{"line":4,"column":0},"end":{"line":4,"column":85}},"4":{"start":{"line":5,"column":0},"end":{"line":5,"column":19}},"5":{"start":{"line":6,"column":0},"end":{"line":6,"column":45}},"6":{"start":{"line":7,"column":0},"end":{"line":7,"column":38}},"7":{"start":{"line":8,"column":0},"end":{"line":8,"column":43}},"8":{"start":{"line":9,"column":0},"end":{"line":9,"column":5}},"9":{"start":{"line":10,"column":0},"end":{"line":10,"column":0}},"10":{"start":{"line":11,"column":0},"end":{"line":11,"column":42}},"11":{"start":{"line":12,"column":0},"end":{"line":12,"column":0}},"12":{"start":{"line":13,"column":0},"end":{"line":13,"column":25}},"13":{"start":{"line":14,"column":0},"end":{"line":14,"column":55}},"14":{"start":{"line":15,"column":0},"end":{"line":15,"column":51}},"15":{"start":{"line":16,"column":0},"end":{"line":16,"column":9}},"16":{"start":{"line":17,"column":0},"end":{"line":17,"column":0}},"17":{"start":{"line":18,"column":0},"end":{"line":18,"column":45}},"18":{"start":{"line":19,"column":0},"end":{"line":19,"column":47}},"19":{"start":{"line":20,"column":0},"end":{"line":20,"column":9}},"20":{"start":{"line":21,"column":0},"end":{"line":21,"column":0}},"21":{"start":{"line":22,"column":0},"end":{"line":22,"column":59}},"22":{"start":{"line":23,"column":0},"end":{"line":23,"column":71}},"23":{"start":{"line":24,"column":0},"end":{"line":24,"column":0}},"24":{"start":{"line":25,"column":0},"end":{"line":25,"column":67}},"25":{"start":{"line":26,"column":0},"end":{"line":26,"column":43}},"26":{"start":{"line":27,"column":0},"end":{"line":27,"column":53}},"27":{"start":{"line":28,"column":0},"end":{"line":28,"column":9}},"28":{"start":{"line":29,"column":0},"end":{"line":29,"column":0}},"29":{"start":{"line":30,"column":0},"end":{"line":30,"column":68}},"30":{"start":{"line":31,"column":0},"end":{"line":31,"column":80}},"31":{"start":{"line":32,"column":0},"end":{"line":32,"column":0}},"32":{"start":{"line":33,"column":0},"end":{"line":33,"column":5}},"33":{"start":{"line":34,"column":0},"end":{"line":34,"column":0}},"34":{"start":{"line":35,"column":0},"end":{"line":35,"column":24}},"35":{"start":{"line":36,"column":0},"end":{"line":36,"column":40}},"36":{"start":{"line":37,"column":0},"end":{"line":37,"column":30}},"37":{"start":{"line":38,"column":0},"end":{"line":38,"column":5}},"38":{"start":{"line":39,"column":0},"end":{"line":39,"column":0}},"39":{"start":{"line":40,"column":0},"end":{"line":40,"column":30}},"40":{"start":{"line":41,"column":0},"end":{"line":41,"column":89}},"41":{"start":{"line":42,"column":0},"end":{"line":42,"column":5}},"42":{"start":{"line":43,"column":0},"end":{"line":43,"column":0}},"43":{"start":{"line":44,"column":0},"end":{"line":44,"column":24}},"44":{"start":{"line":45,"column":0},"end":{"line":45,"column":60}},"45":{"start":{"line":46,"column":0},"end":{"line":46,"column":66}},"46":{"start":{"line":47,"column":0},"end":{"line":47,"column":109}},"47":{"start":{"line":48,"column":0},"end":{"line":48,"column":70}},"48":{"start":{"line":49,"column":0},"end":{"line":49,"column":126}},"49":{"start":{"line":50,"column":0},"end":{"line":50,"column":61}},"50":{"start":{"line":51,"column":0},"end":{"line":51,"column":72}},"51":{"start":{"line":52,"column":0},"end":{"line":52,"column":42}},"52":{"start":{"line":53,"column":0},"end":{"line":53,"column":58}},"53":{"start":{"line":54,"column":0},"end":{"line":54,"column":62}},"54":{"start":{"line":55,"column":0},"end":{"line":55,"column":48}},"55":{"start":{"line":56,"column":0},"end":{"line":56,"column":5}},"56":{"start":{"line":57,"column":0},"end":{"line":57,"column":0}},"57":{"start":{"line":58,"column":0},"end":{"line":58,"column":37}},"58":{"start":{"line":59,"column":0},"end":{"line":59,"column":112}},"59":{"start":{"line":60,"column":0},"end":{"line":60,"column":109}},"60":{"start":{"line":61,"column":0},"end":{"line":61,"column":75}},"61":{"start":{"line":62,"column":0},"end":{"line":62,"column":97}},"62":{"start":{"line":63,"column":0},"end":{"line":63,"column":5}},"63":{"start":{"line":64,"column":0},"end":{"line":64,"column":0}},"64":{"start":{"line":65,"column":0},"end":{"line":65,"column":42}},"65":{"start":{"line":66,"column":0},"end":{"line":66,"column":109}},"66":{"start":{"line":67,"column":0},"end":{"line":67,"column":78}},"67":{"start":{"line":68,"column":0},"end":{"line":68,"column":54}},"68":{"start":{"line":69,"column":0},"end":{"line":69,"column":0}},"69":{"start":{"line":70,"column":0},"end":{"line":70,"column":61}},"70":{"start":{"line":71,"column":0},"end":{"line":71,"column":117}},"71":{"start":{"line":72,"column":0},"end":{"line":72,"column":77}},"72":{"start":{"line":73,"column":0},"end":{"line":73,"column":9}},"73":{"start":{"line":74,"column":0},"end":{"line":74,"column":53}},"74":{"start":{"line":75,"column":0},"end":{"line":75,"column":76}},"75":{"start":{"line":76,"column":0},"end":{"line":76,"column":24}},"76":{"start":{"line":77,"column":0},"end":{"line":77,"column":9}},"77":{"start":{"line":78,"column":0},"end":{"line":78,"column":59}},"78":{"start":{"line":79,"column":0},"end":{"line":79,"column":118}},"79":{"start":{"line":80,"column":0},"end":{"line":80,"column":24}},"80":{"start":{"line":81,"column":0},"end":{"line":81,"column":9}},"81":{"start":{"line":82,"column":0},"end":{"line":82,"column":75}},"82":{"start":{"line":83,"column":0},"end":{"line":83,"column":19}},"83":{"start":{"line":84,"column":0},"end":{"line":84,"column":5}},"84":{"start":{"line":85,"column":0},"end":{"line":85,"column":0}},"85":{"start":{"line":86,"column":0},"end":{"line":86,"column":52}},"86":{"start":{"line":87,"column":0},"end":{"line":87,"column":95}},"87":{"start":{"line":88,"column":0},"end":{"line":88,"column":5}},"88":{"start":{"line":89,"column":0},"end":{"line":89,"column":0}},"89":{"start":{"line":90,"column":0},"end":{"line":90,"column":60}},"90":{"start":{"line":91,"column":0},"end":{"line":91,"column":109}},"91":{"start":{"line":92,"column":0},"end":{"line":92,"column":113}},"92":{"start":{"line":93,"column":0},"end":{"line":93,"column":72}},"93":{"start":{"line":94,"column":0},"end":{"line":94,"column":71}},"94":{"start":{"line":95,"column":0},"end":{"line":95,"column":132}},"95":{"start":{"line":96,"column":0},"end":{"line":96,"column":126}},"96":{"start":{"line":97,"column":0},"end":{"line":97,"column":85}},"97":{"start":{"line":98,"column":0},"end":{"line":98,"column":34}},"98":{"start":{"line":99,"column":0},"end":{"line":99,"column":58}},"99":{"start":{"line":100,"column":0},"end":{"line":100,"column":56}},"100":{"start":{"line":101,"column":0},"end":{"line":101,"column":52}},"101":{"start":{"line":102,"column":0},"end":{"line":102,"column":5}},"102":{"start":{"line":103,"column":0},"end":{"line":103,"column":0}},"103":{"start":{"line":104,"column":0},"end":{"line":104,"column":44}},"104":{"start":{"line":105,"column":0},"end":{"line":105,"column":28}},"105":{"start":{"line":106,"column":0},"end":{"line":106,"column":109}},"106":{"start":{"line":107,"column":0},"end":{"line":107,"column":57}},"107":{"start":{"line":108,"column":0},"end":{"line":108,"column":93}},"108":{"start":{"line":109,"column":0},"end":{"line":109,"column":5}},"109":{"start":{"line":110,"column":0},"end":{"line":110,"column":0}},"110":{"start":{"line":111,"column":0},"end":{"line":111,"column":41}},"111":{"start":{"line":112,"column":0},"end":{"line":112,"column":48}},"112":{"start":{"line":113,"column":0},"end":{"line":113,"column":65}},"113":{"start":{"line":114,"column":0},"end":{"line":114,"column":74}},"114":{"start":{"line":115,"column":0},"end":{"line":115,"column":89}},"115":{"start":{"line":116,"column":0},"end":{"line":116,"column":54}},"116":{"start":{"line":117,"column":0},"end":{"line":117,"column":11}},"117":{"start":{"line":118,"column":0},"end":{"line":118,"column":5}},"118":{"start":{"line":119,"column":0},"end":{"line":119,"column":0}},"119":{"start":{"line":120,"column":0},"end":{"line":120,"column":37}},"120":{"start":{"line":121,"column":0},"end":{"line":121,"column":37}},"121":{"start":{"line":122,"column":0},"end":{"line":122,"column":0}},"122":{"start":{"line":123,"column":0},"end":{"line":123,"column":76}},"123":{"start":{"line":124,"column":0},"end":{"line":124,"column":114}},"124":{"start":{"line":125,"column":0},"end":{"line":125,"column":0}},"125":{"start":{"line":126,"column":0},"end":{"line":126,"column":6}},"126":{"start":{"line":127,"column":0},"end":{"line":127,"column":0}},"127":{"start":{"line":128,"column":0},"end":{"line":128,"column":2}},"128":{"start":{"line":129,"column":0},"end":{"line":129,"column":0}},"129":{"start":{"line":130,"column":0},"end":{"line":130,"column":0}},"130":{"start":{"line":131,"column":0},"end":{"line":131,"column":63}},"131":{"start":{"line":132,"column":0},"end":{"line":132,"column":0}},"132":{"start":{"line":133,"column":0},"end":{"line":133,"column":0}},"133":{"start":{"line":134,"column":0},"end":{"line":134,"column":38}}},"s":{"0":1,"1":1,"2":1,"3":1,"4":1,"5":6,"6":6,"7":6,"8":6,"9":1,"10":1,"11":6,"12":6,"13":6,"14":1,"15":1,"16":5,"17":6,"18":1,"19":1,"20":4,"21":4,"22":4,"23":4,"24":4,"25":6,"26":1,"27":1,"28":3,"29":3,"30":3,"31":3,"32":3,"33":1,"34":1,"35":1,"36":6,"37":6,"38":1,"39":1,"40":5,"41":5,"42":1,"43":1,"44":1,"45":0,"46":0,"47":0,"48":0,"49":0,"50":0,"51":0,"52":0,"53":0,"54":0,"55":0,"56":1,"57":1,"58":20,"59":20,"60":20,"61":20,"62":20,"63":1,"64":1,"65":20,"66":20,"67":20,"68":12,"69":12,"70":20,"71":1,"72":1,"73":11,"74":20,"75":5,"76":5,"77":6,"78":20,"79":6,"80":6,"81":0,"82":0,"83":0,"84":1,"85":1,"86":0,"87":0,"88":1,"89":1,"90":20,"91":20,"92":20,"93":20,"94":20,"95":20,"96":20,"97":20,"98":20,"99":20,"100":20,"101":20,"102":1,"103":1,"104":0,"105":0,"106":0,"107":0,"108":0,"109":1,"110":1,"111":4,"112":20,"113":20,"114":20,"115":20,"116":4,"117":4,"118":1,"119":1,"120":1,"121":3,"122":3,"123":7,"124":7,"125":3,"126":3,"127":1,"128":1,"129":1,"130":1,"131":1,"132":1,"133":1},"branchMap":{"0":{"type":"branch","line":5,"loc":{"start":{"line":5,"column":4},"end":{"line":9,"column":5}},"locations":[{"start":{"line":5,"column":4},"end":{"line":9,"column":5}}]},"1":{"type":"branch","line":11,"loc":{"start":{"line":11,"column":4},"end":{"line":33,"column":5}},"locations":[{"start":{"line":11,"column":4},"end":{"line":33,"column":5}}]},"2":{"type":"branch","line":14,"loc":{"start":{"line":14,"column":54},"end":{"line":16,"column":9}},"locations":[{"start":{"line":14,"column":54},"end":{"line":16,"column":9}}]},"3":{"type":"branch","line":16,"loc":{"start":{"line":16,"column":8},"end":{"line":18,"column":44}},"locations":[{"start":{"line":16,"column":8},"end":{"line":18,"column":44}}]},"4":{"type":"branch","line":18,"loc":{"start":{"line":18,"column":44},"end":{"line":20,"column":9}},"locations":[{"start":{"line":18,"column":44},"end":{"line":20,"column":9}}]},"5":{"type":"branch","line":20,"loc":{"start":{"line":20,"column":8},"end":{"line":26,"column":42}},"locations":[{"start":{"line":20,"column":8},"end":{"line":26,"column":42}}]},"6":{"type":"branch","line":26,"loc":{"start":{"line":26,"column":42},"end":{"line":28,"column":9}},"locations":[{"start":{"line":26,"column":42},"end":{"line":28,"column":9}}]},"7":{"type":"branch","line":28,"loc":{"start":{"line":28,"column":8},"end":{"line":33,"column":5}},"locations":[{"start":{"line":28,"column":8},"end":{"line":33,"column":5}}]},"8":{"type":"branch","line":36,"loc":{"start":{"line":36,"column":4},"end":{"line":38,"column":5}},"locations":[{"start":{"line":36,"column":4},"end":{"line":38,"column":5}}]},"9":{"type":"branch","line":40,"loc":{"start":{"line":40,"column":4},"end":{"line":42,"column":5}},"locations":[{"start":{"line":40,"column":4},"end":{"line":42,"column":5}}]},"10":{"type":"branch","line":41,"loc":{"start":{"line":41,"column":33},"end":{"line":41,"column":87}},"locations":[{"start":{"line":41,"column":33},"end":{"line":41,"column":87}}]},"11":{"type":"branch","line":58,"loc":{"start":{"line":58,"column":4},"end":{"line":63,"column":5}},"locations":[{"start":{"line":58,"column":4},"end":{"line":63,"column":5}}]},"12":{"type":"branch","line":60,"loc":{"start":{"line":60,"column":53},"end":{"line":60,"column":107}},"locations":[{"start":{"line":60,"column":53},"end":{"line":60,"column":107}}]},"13":{"type":"branch","line":62,"loc":{"start":{"line":62,"column":45},"end":{"line":62,"column":95}},"locations":[{"start":{"line":62,"column":45},"end":{"line":62,"column":95}}]},"14":{"type":"branch","line":65,"loc":{"start":{"line":65,"column":4},"end":{"line":84,"column":5}},"locations":[{"start":{"line":65,"column":4},"end":{"line":84,"column":5}}]},"15":{"type":"branch","line":68,"loc":{"start":{"line":68,"column":42},"end":{"line":68,"column":54}},"locations":[{"start":{"line":68,"column":42},"end":{"line":68,"column":54}}]},"16":{"type":"branch","line":68,"loc":{"start":{"line":68,"column":53},"end":{"line":71,"column":77}},"locations":[{"start":{"line":68,"column":53},"end":{"line":71,"column":77}}]},"17":{"type":"branch","line":71,"loc":{"start":{"line":71,"column":73},"end":{"line":71,"column":114}},"locations":[{"start":{"line":71,"column":73},"end":{"line":71,"column":114}}]},"18":{"type":"branch","line":71,"loc":{"start":{"line":71,"column":116},"end":{"line":73,"column":9}},"locations":[{"start":{"line":71,"column":116},"end":{"line":73,"column":9}}]},"19":{"type":"branch","line":73,"loc":{"start":{"line":73,"column":8},"end":{"line":75,"column":75}},"locations":[{"start":{"line":73,"column":8},"end":{"line":75,"column":75}}]},"20":{"type":"branch","line":75,"loc":{"start":{"line":75,"column":75},"end":{"line":77,"column":9}},"locations":[{"start":{"line":75,"column":75},"end":{"line":77,"column":9}}]},"21":{"type":"branch","line":77,"loc":{"start":{"line":77,"column":8},"end":{"line":79,"column":115}},"locations":[{"start":{"line":77,"column":8},"end":{"line":79,"column":115}}]},"22":{"type":"branch","line":79,"loc":{"start":{"line":79,"column":117},"end":{"line":81,"column":9}},"locations":[{"start":{"line":79,"column":117},"end":{"line":81,"column":9}}]},"23":{"type":"branch","line":81,"loc":{"start":{"line":81,"column":8},"end":{"line":84,"column":5}},"locations":[{"start":{"line":81,"column":8},"end":{"line":84,"column":5}}]},"24":{"type":"branch","line":66,"loc":{"start":{"line":66,"column":53},"end":{"line":66,"column":107}},"locations":[{"start":{"line":66,"column":53},"end":{"line":66,"column":107}}]},"25":{"type":"branch","line":90,"loc":{"start":{"line":90,"column":4},"end":{"line":102,"column":5}},"locations":[{"start":{"line":90,"column":4},"end":{"line":102,"column":5}}]},"26":{"type":"branch","line":92,"loc":{"start":{"line":92,"column":54},"end":{"line":92,"column":108}},"locations":[{"start":{"line":92,"column":54},"end":{"line":92,"column":108}}]},"27":{"type":"branch","line":92,"loc":{"start":{"line":92,"column":108},"end":{"line":92,"column":112}},"locations":[{"start":{"line":92,"column":108},"end":{"line":92,"column":112}}]},"28":{"type":"branch","line":95,"loc":{"start":{"line":95,"column":61},"end":{"line":95,"column":131}},"locations":[{"start":{"line":95,"column":61},"end":{"line":95,"column":131}}]},"29":{"type":"branch","line":97,"loc":{"start":{"line":97,"column":75},"end":{"line":97,"column":79}},"locations":[{"start":{"line":97,"column":75},"end":{"line":97,"column":79}}]},"30":{"type":"branch","line":97,"loc":{"start":{"line":97,"column":79},"end":{"line":97,"column":83}},"locations":[{"start":{"line":97,"column":79},"end":{"line":97,"column":83}}]},"31":{"type":"branch","line":91,"loc":{"start":{"line":91,"column":53},"end":{"line":91,"column":107}},"locations":[{"start":{"line":91,"column":53},"end":{"line":91,"column":107}}]},"32":{"type":"branch","line":111,"loc":{"start":{"line":111,"column":4},"end":{"line":118,"column":5}},"locations":[{"start":{"line":111,"column":4},"end":{"line":118,"column":5}}]},"33":{"type":"branch","line":112,"loc":{"start":{"line":112,"column":36},"end":{"line":117,"column":9}},"locations":[{"start":{"line":112,"column":36},"end":{"line":117,"column":9}}]},"34":{"type":"branch","line":116,"loc":{"start":{"line":116,"column":26},"end":{"line":116,"column":41}},"locations":[{"start":{"line":116,"column":26},"end":{"line":116,"column":41}}]},"35":{"type":"branch","line":116,"loc":{"start":{"line":116,"column":41},"end":{"line":116,"column":53}},"locations":[{"start":{"line":116,"column":41},"end":{"line":116,"column":53}}]},"36":{"type":"branch","line":121,"loc":{"start":{"line":121,"column":4},"end":{"line":128,"column":1}},"locations":[{"start":{"line":121,"column":4},"end":{"line":128,"column":1}}]},"37":{"type":"branch","line":123,"loc":{"start":{"line":123,"column":29},"end":{"line":123,"column":58}},"locations":[{"start":{"line":123,"column":29},"end":{"line":123,"column":58}}]},"38":{"type":"branch","line":123,"loc":{"start":{"line":123,"column":64},"end":{"line":126,"column":5}},"locations":[{"start":{"line":123,"column":64},"end":{"line":126,"column":5}}]}},"b":{"0":[6],"1":[6],"2":[1],"3":[5],"4":[1],"5":[4],"6":[1],"7":[3],"8":[6],"9":[5],"10":[21],"11":[20],"12":[75],"13":[26],"14":[20],"15":[8],"16":[12],"17":[7],"18":[1],"19":[11],"20":[5],"21":[6],"22":[6],"23":[0],"24":[75],"25":[20],"26":[12],"27":[8],"28":[12],"29":[9],"30":[11],"31":[75],"32":[4],"33":[20],"34":[14],"35":[10],"36":[3],"37":[4],"38":[7]},"fnMap":{"0":{"name":"RecintosZoo","decl":{"start":{"line":5,"column":4},"end":{"line":9,"column":5}},"loc":{"start":{"line":5,"column":4},"end":{"line":9,"column":5}},"line":5},"1":{"name":"analisaRecintos","decl":{"start":{"line":11,"column":4},"end":{"line":33,"column":5}},"loc":{"start":{"line":11,"column":4},"end":{"line":33,"column":5}},"line":11},"2":{"name":"verificaQuantidadeNula","decl":{"start":{"line":36,"column":4},"end":{"line":38,"column":5}},"loc":{"start":{"line":36,"column":4},"end":{"line":38,"column":5}},"line":36},"3":{"name":"verificaEspecie","decl":{"start":{"line":40,"column":4},"end":{"line":42,"column":5}},"loc":{"start":{"line":40,"column":4},"end":{"line":42,"column":5}},"line":40},"4":{"name":"verificaEspacoDisponivel","decl":{"start":{"line":45,"column":4},"end":{"line":56,"column":5}},"loc":{"start":{"line":45,"column":4},"end":{"line":56,"column":5}},"line":45},"5":{"name":"verificaBioma","decl":{"start":{"line":58,"column":4},"end":{"line":63,"column":5}},"loc":{"start":{"line":58,"column":4},"end":{"line":63,"column":5}},"line":58},"6":{"name":"verificaCarnivoros","decl":{"start":{"line":65,"column":4},"end":{"line":84,"column":5}},"loc":{"start":{"line":65,"column":4},"end":{"line":84,"column":5}},"line":65},"7":{"name":"consideraMacacos","decl":{"start":{"line":86,"column":4},"end":{"line":88,"column":5}},"loc":{"start":{"line":86,"column":4},"end":{"line":88,"column":5}},"line":86},"8":{"name":"verificaEspacoCoabitacao","decl":{"start":{"line":90,"column":4},"end":{"line":102,"column":5}},"loc":{"start":{"line":90,"column":4},"end":{"line":102,"column":5}},"line":90},"9":{"name":"consideraHipopotamos","decl":{"start":{"line":104,"column":4},"end":{"line":109,"column":5}},"loc":{"start":{"line":104,"column":4},"end":{"line":109,"column":5}},"line":104},"10":{"name":"filtraRecintos","decl":{"start":{"line":111,"column":4},"end":{"line":118,"column":5}},"loc":{"start":{"line":111,"column":4},"end":{"line":118,"column":5}},"line":111},"11":{"name":"ordenaRecintosViaveis","decl":{"start":{"line":121,"column":4},"end":{"line":128,"column":1}},"loc":{"start":{"line":121,"column":4},"end":{"line":128,"column":1}},"line":121}},"f":{"0":6,"1":6,"2":6,"3":5,"4":0,"5":20,"6":20,"7":0,"8":20,"9":0,"10":4,"11":3}}
}
