TN:
SF:src/dados.js
FNF:0
FNH:0
DA:1,1
DA:2,1
DA:3,1
DA:4,1
DA:5,1
DA:6,1
DA:7,1
DA:8,1
DA:9,1
DA:10,1
DA:11,1
DA:12,1
DA:13,1
DA:14,1
DA:15,1
DA:16,1
DA:17,1
DA:18,1
DA:19,1
DA:20,1
DA:21,1
DA:22,1
DA:23,1
DA:24,1
DA:25,1
DA:26,1
DA:27,1
DA:28,1
DA:29,1
DA:30,1
DA:31,1
DA:32,1
DA:33,1
DA:34,1
DA:35,1
DA:36,1
DA:37,1
LF:37
LH:37
BRF:0
BRH:0
end_of_record
TN:
SF:src/recintos-zoo.js
FN:5,RecintosZoo
FN:11,analisaRecintos
FN:36,verificaQuantidadeNula
FN:40,verificaEspecie
FN:45,verificaEspacoDisponivel
FN:58,verificaBioma
FN:65,verificaCarnivoros
FN:86,consideraMacacos
FN:90,verificaEspacoCoabitacao
FN:104,consideraHipopotamos
FN:111,filtraRecintos
FN:121,ordenaRecintosViaveis
FNF:12
FNH:9
FNDA:6,RecintosZoo
FNDA:6,analisaRecintos
FNDA:6,verificaQuantidadeNula
FNDA:5,verificaEspecie
FNDA:0,verificaEspacoDisponivel
FNDA:20,verificaBioma
FNDA:20,verificaCarnivoros
FNDA:0,consideraMacacos
FNDA:20,verificaEspacoCoabitacao
FNDA:0,consideraHipopotamos
FNDA:4,filtraRecintos
FNDA:3,ordenaRecintosViaveis
DA:1,1
DA:2,1
DA:3,1
DA:4,1
DA:5,1
DA:6,6
DA:7,6
DA:8,6
DA:9,6
DA:10,1
DA:11,1
DA:12,6
DA:13,6
DA:14,6
DA:15,1
DA:16,1
DA:17,5
DA:18,6
DA:19,1
DA:20,1
DA:21,4
DA:22,4
DA:23,4
DA:24,4
DA:25,4
DA:26,6
DA:27,1
DA:28,1
DA:29,3
DA:30,3
DA:31,3
DA:32,3
DA:33,3
DA:34,1
DA:35,1
DA:36,1
DA:37,6
DA:38,6
DA:39,1
DA:40,1
DA:41,5
DA:42,5
DA:43,1
DA:44,1
DA:45,1
DA:46,0
DA:47,0
DA:48,0
DA:49,0
DA:50,0
DA:51,0
DA:52,0
DA:53,0
DA:54,0
DA:55,0
DA:56,0
DA:57,1
DA:58,1
DA:59,20
DA:60,20
DA:61,20
DA:62,20
DA:63,20
DA:64,1
DA:65,1
DA:66,20
DA:67,20
DA:68,20
DA:69,12
DA:70,12
DA:71,20
DA:72,1
DA:73,1
DA:74,11
DA:75,20
DA:76,5
DA:77,5
DA:78,6
DA:79,20
DA:80,6
DA:81,6
DA:82,0
DA:83,0
DA:84,0
DA:85,1
DA:86,1
DA:87,0
DA:88,0
DA:89,1
DA:90,1
DA:91,20
DA:92,20
DA:93,20
DA:94,20
DA:95,20
DA:96,20
DA:97,20
DA:98,20
DA:99,20
DA:100,20
DA:101,20
DA:102,20
DA:103,1
DA:104,1
DA:105,0
DA:106,0
DA:107,0
DA:108,0
DA:109,0
DA:110,1
DA:111,1
DA:112,4
DA:113,20
DA:114,20
DA:115,20
DA:116,20
DA:117,4
DA:118,4
DA:119,1
DA:120,1
DA:121,1
DA:122,3
DA:123,3
DA:124,7
DA:125,7
DA:126,3
DA:127,3
DA:128,1
DA:129,1
DA:130,1
DA:131,1
DA:132,1
DA:133,1
DA:134,1
LF:134
LH:113
BRDA:5,0,0,6
BRDA:11,1,0,6
BRDA:14,2,0,1
BRDA:16,3,0,5
BRDA:18,4,0,1
BRDA:20,5,0,4
BRDA:26,6,0,1
BRDA:28,7,0,3
BRDA:36,8,0,6
BRDA:40,9,0,5
BRDA:41,10,0,21
BRDA:58,11,0,20
BRDA:60,12,0,75
BRDA:62,13,0,26
BRDA:65,14,0,20
BRDA:68,15,0,8
BRDA:68,16,0,12
BRDA:71,17,0,7
BRDA:71,18,0,1
BRDA:73,19,0,11
BRDA:75,20,0,5
BRDA:77,21,0,6
BRDA:79,22,0,6
BRDA:81,23,0,0
BRDA:66,24,0,75
BRDA:90,25,0,20
BRDA:92,26,0,12
BRDA:92,27,0,8
BRDA:95,28,0,12
BRDA:97,29,0,9
BRDA:97,30,0,11
BRDA:91,31,0,75
BRDA:111,32,0,4
BRDA:112,33,0,20
BRDA:116,34,0,14
BRDA:116,35,0,10
BRDA:121,36,0,3
BRDA:123,37,0,4
BRDA:123,38,0,7
BRF:39
BRH:38
end_of_record
